[21-Aug-2015 15:31:10 UTC] PHP Warning:  include_once(classes/chapter.php): failed to open stream: No such file or directory in /home/ubuntu/workspace/admin/post-chapter.php on line 8
[21-Aug-2015 15:31:10 UTC] PHP Stack trace:
[21-Aug-2015 15:31:10 UTC] PHP   1. {main}() /home/ubuntu/workspace/admin/post-chapter.php:0
[21-Aug-2015 15:31:10 UTC] PHP Warning:  include_once(): Failed opening 'classes/chapter.php' for inclusion (include_path='.:/usr/share/php:/usr/share/pear') in /home/ubuntu/workspace/admin/post-chapter.php on line 8
[21-Aug-2015 15:31:10 UTC] PHP Stack trace:
[21-Aug-2015 15:31:10 UTC] PHP   1. {main}() /home/ubuntu/workspace/admin/post-chapter.php:0
[21-Aug-2015 15:31:10 UTC] PHP Fatal error:  Class 'Chapters' not found in /home/ubuntu/workspace/admin/post-chapter.php on line 9
[21-Aug-2015 15:31:10 UTC] PHP Stack trace:
[21-Aug-2015 15:31:10 UTC] PHP   1. {main}() /home/ubuntu/workspace/admin/post-chapter.php:0
[21-Aug-2015 15:32:07 UTC] PHP Notice:  Undefined variable: db in /home/ubuntu/workspace/admin/post-chapter.php on line 9
[21-Aug-2015 15:32:07 UTC] PHP Stack trace:
[21-Aug-2015 15:32:07 UTC] PHP   1. {main}() /home/ubuntu/workspace/admin/post-chapter.php:0
[21-Aug-2015 15:32:07 UTC] PHP Notice:  Undefined variable: cTitle in /home/ubuntu/workspace/classes/chapter.php on line 23
[21-Aug-2015 15:32:07 UTC] PHP Stack trace:
[21-Aug-2015 15:32:07 UTC] PHP   1. {main}() /home/ubuntu/workspace/admin/post-chapter.php:0
[21-Aug-2015 15:32:07 UTC] PHP   2. Chapters->create() /home/ubuntu/workspace/admin/post-chapter.php:17
[21-Aug-2015 15:32:07 UTC] PHP Notice:  Undefined variable: cDesc in /home/ubuntu/workspace/classes/chapter.php on line 23
[21-Aug-2015 15:32:07 UTC] PHP Stack trace:
[21-Aug-2015 15:32:07 UTC] PHP   1. {main}() /home/ubuntu/workspace/admin/post-chapter.php:0
[21-Aug-2015 15:32:07 UTC] PHP   2. Chapters->create() /home/ubuntu/workspace/admin/post-chapter.php:17
[21-Aug-2015 15:32:07 UTC] PHP Warning:  implode(): Invalid arguments passed in /home/ubuntu/workspace/classes/database.php on line 78
[21-Aug-2015 15:32:07 UTC] PHP Stack trace:
[21-Aug-2015 15:32:07 UTC] PHP   1. {main}() /home/ubuntu/workspace/admin/post-chapter.php:0
[21-Aug-2015 15:32:07 UTC] PHP   2. Chapters->create() /home/ubuntu/workspace/admin/post-chapter.php:17
[21-Aug-2015 15:32:07 UTC] PHP   3. Database->insertData() /home/ubuntu/workspace/classes/chapter.php:23
[21-Aug-2015 15:32:07 UTC] PHP   4. implode() /home/ubuntu/workspace/classes/database.php:78
[21-Aug-2015 15:32:24 UTC] PHP Notice:  Undefined variable: db in /home/ubuntu/workspace/admin/post-chapter.php on line 9
[21-Aug-2015 15:32:24 UTC] PHP Stack trace:
[21-Aug-2015 15:32:24 UTC] PHP   1. {main}() /home/ubuntu/workspace/admin/post-chapter.php:0
[21-Aug-2015 15:32:24 UTC] PHP Notice:  Undefined variable: cTitle in /home/ubuntu/workspace/classes/chapter.php on line 23
[21-Aug-2015 15:32:24 UTC] PHP Stack trace:
[21-Aug-2015 15:32:24 UTC] PHP   1. {main}() /home/ubuntu/workspace/admin/post-chapter.php:0
[21-Aug-2015 15:32:24 UTC] PHP   2. Chapters->create() /home/ubuntu/workspace/admin/post-chapter.php:17
[21-Aug-2015 15:32:24 UTC] PHP Notice:  Undefined variable: cDesc in /home/ubuntu/workspace/classes/chapter.php on line 23
[21-Aug-2015 15:32:24 UTC] PHP Stack trace:
[21-Aug-2015 15:32:24 UTC] PHP   1. {main}() /home/ubuntu/workspace/admin/post-chapter.php:0
[21-Aug-2015 15:32:24 UTC] PHP   2. Chapters->create() /home/ubuntu/workspace/admin/post-chapter.php:17
[21-Aug-2015 15:32:24 UTC] PHP Warning:  implode(): Invalid arguments passed in /home/ubuntu/workspace/classes/database.php on line 78
[21-Aug-2015 15:32:24 UTC] PHP Stack trace:
[21-Aug-2015 15:32:24 UTC] PHP   1. {main}() /home/ubuntu/workspace/admin/post-chapter.php:0
[21-Aug-2015 15:32:24 UTC] PHP   2. Chapters->create() /home/ubuntu/workspace/admin/post-chapter.php:17
[21-Aug-2015 15:32:24 UTC] PHP   3. Database->insertData() /home/ubuntu/workspace/classes/chapter.php:23
[21-Aug-2015 15:32:24 UTC] PHP   4. implode() /home/ubuntu/workspace/classes/database.php:78
[21-Aug-2015 15:37:22 UTC] PHP Notice:  Undefined variable: db in /home/ubuntu/workspace/admin/post-chapter.php on line 9
[21-Aug-2015 15:37:22 UTC] PHP Stack trace:
[21-Aug-2015 15:37:22 UTC] PHP   1. {main}() /home/ubuntu/workspace/admin/post-chapter.php:0
[21-Aug-2015 15:37:22 UTC] PHP Fatal error:  Call to undefined method Database::insertData() in /home/ubuntu/workspace/classes/chapter.php on line 23
[21-Aug-2015 15:37:22 UTC] PHP Stack trace:
[21-Aug-2015 15:37:22 UTC] PHP   1. {main}() /home/ubuntu/workspace/admin/post-chapter.php:0
[21-Aug-2015 15:37:22 UTC] PHP   2. Chapters->create() /home/ubuntu/workspace/admin/post-chapter.php:17
[21-Aug-2015 15:41:26 UTC] PHP Notice:  Undefined variable: db in /home/ubuntu/workspace/admin/post-chapter.php on line 9
[21-Aug-2015 15:41:26 UTC] PHP Stack trace:
[21-Aug-2015 15:41:26 UTC] PHP   1. {main}() /home/ubuntu/workspace/admin/post-chapter.php:0
[21-Aug-2015 15:41:26 UTC] PHP Notice:  Undefined property: Chapters::$conn in /home/ubuntu/workspace/classes/chapter.php on line 28
[21-Aug-2015 15:41:26 UTC] PHP Stack trace:
[21-Aug-2015 15:41:26 UTC] PHP   1. {main}() /home/ubuntu/workspace/admin/post-chapter.php:0
[21-Aug-2015 15:41:26 UTC] PHP   2. Chapters->create() /home/ubuntu/workspace/admin/post-chapter.php:17
[21-Aug-2015 15:41:26 UTC] PHP Fatal error:  Call to a member function prepare() on a non-object in /home/ubuntu/workspace/classes/chapter.php on line 28
[21-Aug-2015 15:41:26 UTC] PHP Stack trace:
[21-Aug-2015 15:41:26 UTC] PHP   1. {main}() /home/ubuntu/workspace/admin/post-chapter.php:0
[21-Aug-2015 15:41:26 UTC] PHP   2. Chapters->create() /home/ubuntu/workspace/admin/post-chapter.php:17
[21-Aug-2015 15:42:20 UTC] PHP Notice:  Undefined variable: db in /home/ubuntu/workspace/admin/post-chapter.php on line 9
[21-Aug-2015 15:42:20 UTC] PHP Stack trace:
[21-Aug-2015 15:42:20 UTC] PHP   1. {main}() /home/ubuntu/workspace/admin/post-chapter.php:0
[21-Aug-2015 15:42:20 UTC] PHP Fatal error:  Call to a member function prepare() on a non-object in /home/ubuntu/workspace/classes/chapter.php on line 25
[21-Aug-2015 15:42:20 UTC] PHP Stack trace:
[21-Aug-2015 15:42:20 UTC] PHP   1. {main}() /home/ubuntu/workspace/admin/post-chapter.php:0
[21-Aug-2015 15:42:20 UTC] PHP   2. Chapters->create() /home/ubuntu/workspace/admin/post-chapter.php:17
[21-Aug-2015 15:42:28 UTC] PHP Notice:  Undefined variable: db in /home/ubuntu/workspace/admin/post-chapter.php on line 9
[21-Aug-2015 15:42:28 UTC] PHP Stack trace:
[21-Aug-2015 15:42:28 UTC] PHP   1. {main}() /home/ubuntu/workspace/admin/post-chapter.php:0
[21-Aug-2015 15:42:28 UTC] PHP Fatal error:  Call to a member function prepare() on a non-object in /home/ubuntu/workspace/classes/chapter.php on line 25
[21-Aug-2015 15:42:28 UTC] PHP Stack trace:
[21-Aug-2015 15:42:28 UTC] PHP   1. {main}() /home/ubuntu/workspace/admin/post-chapter.php:0
[21-Aug-2015 15:42:28 UTC] PHP   2. Chapters->create() /home/ubuntu/workspace/admin/post-chapter.php:17
[21-Aug-2015 15:42:36 UTC] PHP Notice:  Undefined variable: db in /home/ubuntu/workspace/admin/post-chapter.php on line 9
[21-Aug-2015 15:42:36 UTC] PHP Stack trace:
[21-Aug-2015 15:42:36 UTC] PHP   1. {main}() /home/ubuntu/workspace/admin/post-chapter.php:0
[21-Aug-2015 15:42:36 UTC] PHP Fatal error:  Call to a member function prepare() on a non-object in /home/ubuntu/workspace/classes/chapter.php on line 25
[21-Aug-2015 15:42:36 UTC] PHP Stack trace:
[21-Aug-2015 15:42:36 UTC] PHP   1. {main}() /home/ubuntu/workspace/admin/post-chapter.php:0
[21-Aug-2015 15:42:36 UTC] PHP   2. Chapters->create() /home/ubuntu/workspace/admin/post-chapter.php:17
[21-Aug-2015 15:45:06 UTC] PHP Notice:  Undefined variable: db in /home/ubuntu/workspace/admin/post-chapter.php on line 9
[21-Aug-2015 15:45:06 UTC] PHP Stack trace:
[21-Aug-2015 15:45:06 UTC] PHP   1. {main}() /home/ubuntu/workspace/admin/post-chapter.php:0
[21-Aug-2015 15:45:06 UTC] PHP Fatal error:  Call to a member function prepare() on a non-object in /home/ubuntu/workspace/classes/chapter.php on line 25
[21-Aug-2015 15:45:06 UTC] PHP Stack trace:
[21-Aug-2015 15:45:06 UTC] PHP   1. {main}() /home/ubuntu/workspace/admin/post-chapter.php:0
[21-Aug-2015 15:45:06 UTC] PHP   2. Chapters->create() /home/ubuntu/workspace/admin/post-chapter.php:17
[21-Aug-2015 15:47:32 UTC] PHP Notice:  Undefined variable: db in /home/ubuntu/workspace/admin/post-chapter.php on line 9
[21-Aug-2015 15:47:32 UTC] PHP Stack trace:
[21-Aug-2015 15:47:32 UTC] PHP   1. {main}() /home/ubuntu/workspace/admin/post-chapter.php:0
[21-Aug-2015 15:47:32 UTC] PHP Fatal error:  Call to a member function prepare() on a non-object in /home/ubuntu/workspace/classes/chapter.php on line 25
[21-Aug-2015 15:47:32 UTC] PHP Stack trace:
[21-Aug-2015 15:47:32 UTC] PHP   1. {main}() /home/ubuntu/workspace/admin/post-chapter.php:0
[21-Aug-2015 15:47:32 UTC] PHP   2. Chapters->create() /home/ubuntu/workspace/admin/post-chapter.php:17
[21-Aug-2015 15:47:39 UTC] PHP Notice:  Undefined variable: db in /home/ubuntu/workspace/admin/post-chapter.php on line 9
[21-Aug-2015 15:47:39 UTC] PHP Stack trace:
[21-Aug-2015 15:47:39 UTC] PHP   1. {main}() /home/ubuntu/workspace/admin/post-chapter.php:0
[21-Aug-2015 15:47:39 UTC] PHP Fatal error:  Call to a member function prepare() on a non-object in /home/ubuntu/workspace/classes/chapter.php on line 25
[21-Aug-2015 15:47:39 UTC] PHP Stack trace:
[21-Aug-2015 15:47:39 UTC] PHP   1. {main}() /home/ubuntu/workspace/admin/post-chapter.php:0
[21-Aug-2015 15:47:39 UTC] PHP   2. Chapters->create() /home/ubuntu/workspace/admin/post-chapter.php:17
[21-Aug-2015 15:47:45 UTC] PHP Notice:  Undefined variable: db in /home/ubuntu/workspace/admin/post-chapter.php on line 9
[21-Aug-2015 15:47:45 UTC] PHP Stack trace:
[21-Aug-2015 15:47:45 UTC] PHP   1. {main}() /home/ubuntu/workspace/admin/post-chapter.php:0
[21-Aug-2015 15:47:45 UTC] PHP Fatal error:  Call to a member function prepare() on a non-object in /home/ubuntu/workspace/classes/chapter.php on line 25
[21-Aug-2015 15:47:45 UTC] PHP Stack trace:
[21-Aug-2015 15:47:45 UTC] PHP   1. {main}() /home/ubuntu/workspace/admin/post-chapter.php:0
[21-Aug-2015 15:47:45 UTC] PHP   2. Chapters->create() /home/ubuntu/workspace/admin/post-chapter.php:17
[21-Aug-2015 16:01:04 UTC] PHP Parse error:  syntax error, unexpected '}' in /home/ubuntu/workspace/admin/post-chapter.php on line 39
[21-Aug-2015 16:01:42 UTC] PHP Notice:  Undefined index: title in /home/ubuntu/workspace/admin/post-chapter.php on line 6
[21-Aug-2015 16:01:42 UTC] PHP Stack trace:
[21-Aug-2015 16:01:42 UTC] PHP   1. {main}() /home/ubuntu/workspace/admin/post-chapter.php:0
[21-Aug-2015 16:12:33 UTC] PHP Notice:  Undefined index: desc in /home/ubuntu/workspace/admin/post-chapter.php on line 14
[21-Aug-2015 16:12:33 UTC] PHP Stack trace:
[21-Aug-2015 16:12:33 UTC] PHP   1. {main}() /home/ubuntu/workspace/admin/post-chapter.php:0
[21-Aug-2015 16:12:56 UTC] PHP Notice:  Undefined index: desc in /home/ubuntu/workspace/admin/post-chapter.php on line 14
[21-Aug-2015 16:12:56 UTC] PHP Stack trace:
[21-Aug-2015 16:12:56 UTC] PHP   1. {main}() /home/ubuntu/workspace/admin/post-chapter.php:0
[21-Aug-2015 16:21:17 UTC] PHP Fatal error:  Class 'Product' not found in /home/ubuntu/workspace/admin/post-chapter.php on line 38
[21-Aug-2015 16:21:17 UTC] PHP Stack trace:
[21-Aug-2015 16:21:17 UTC] PHP   1. {main}() /home/ubuntu/workspace/admin/post-chapter.php:0
[21-Aug-2015 16:30:03 UTC] PHP Warning:  include_once(footer.php): failed to open stream: No such file or directory in /home/ubuntu/workspace/admin/post-chapter.php on line 6
[21-Aug-2015 16:30:03 UTC] PHP Stack trace:
[21-Aug-2015 16:30:03 UTC] PHP   1. {main}() /home/ubuntu/workspace/admin/post-chapter.php:0
[21-Aug-2015 16:30:03 UTC] PHP Warning:  include_once(): Failed opening 'footer.php' for inclusion (include_path='.:/usr/share/php:/usr/share/pear') in /home/ubuntu/workspace/admin/post-chapter.php on line 6
[21-Aug-2015 16:30:03 UTC] PHP Stack trace:
[21-Aug-2015 16:30:03 UTC] PHP   1. {main}() /home/ubuntu/workspace/admin/post-chapter.php:0
[21-Aug-2015 16:39:58 UTC] PHP Warning:  include_once(config/database.php): failed to open stream: No such file or directory in /home/ubuntu/workspace/admin/post-chapter.php on line 10
[21-Aug-2015 16:39:58 UTC] PHP Stack trace:
[21-Aug-2015 16:39:58 UTC] PHP   1. {main}() /home/ubuntu/workspace/admin/post-chapter.php:0
[21-Aug-2015 16:39:58 UTC] PHP Warning:  include_once(): Failed opening 'config/database.php' for inclusion (include_path='.:/usr/share/php:/usr/share/pear') in /home/ubuntu/workspace/admin/post-chapter.php on line 10
[21-Aug-2015 16:39:58 UTC] PHP Stack trace:
[21-Aug-2015 16:39:58 UTC] PHP   1. {main}() /home/ubuntu/workspace/admin/post-chapter.php:0
[21-Aug-2015 16:39:58 UTC] PHP Fatal error:  Class 'Database' not found in /home/ubuntu/workspace/admin/post-chapter.php on line 12
[21-Aug-2015 16:39:58 UTC] PHP Stack trace:
[21-Aug-2015 16:39:58 UTC] PHP   1. {main}() /home/ubuntu/workspace/admin/post-chapter.php:0
[21-Aug-2015 16:40:41 UTC] PHP Warning:  include_once(classes/database.php): failed to open stream: No such file or directory in /home/ubuntu/workspace/admin/post-chapter.php on line 10
[21-Aug-2015 16:40:41 UTC] PHP Stack trace:
[21-Aug-2015 16:40:41 UTC] PHP   1. {main}() /home/ubuntu/workspace/admin/post-chapter.php:0
[21-Aug-2015 16:40:41 UTC] PHP Warning:  include_once(): Failed opening 'classes/database.php' for inclusion (include_path='.:/usr/share/php:/usr/share/pear') in /home/ubuntu/workspace/admin/post-chapter.php on line 10
[21-Aug-2015 16:40:41 UTC] PHP Stack trace:
[21-Aug-2015 16:40:41 UTC] PHP   1. {main}() /home/ubuntu/workspace/admin/post-chapter.php:0
[21-Aug-2015 16:40:41 UTC] PHP Fatal error:  Class 'Database' not found in /home/ubuntu/workspace/admin/post-chapter.php on line 12
[21-Aug-2015 16:40:41 UTC] PHP Stack trace:
[21-Aug-2015 16:40:41 UTC] PHP   1. {main}() /home/ubuntu/workspace/admin/post-chapter.php:0
[21-Aug-2015 17:07:26 UTC] PHP Warning:  include_once(objects/product.php): failed to open stream: No such file or directory in /home/ubuntu/workspace/admin/post-chapter.php on line 19
[21-Aug-2015 17:07:26 UTC] PHP Stack trace:
[21-Aug-2015 17:07:26 UTC] PHP   1. {main}() /home/ubuntu/workspace/admin/post-chapter.php:0
[21-Aug-2015 17:07:26 UTC] PHP Warning:  include_once(): Failed opening 'objects/product.php' for inclusion (include_path='.:/usr/share/php:/usr/share/pear') in /home/ubuntu/workspace/admin/post-chapter.php on line 19
[21-Aug-2015 17:07:26 UTC] PHP Stack trace:
[21-Aug-2015 17:07:26 UTC] PHP   1. {main}() /home/ubuntu/workspace/admin/post-chapter.php:0
[21-Aug-2015 17:07:26 UTC] PHP Fatal error:  Class 'Posts' not found in /home/ubuntu/workspace/admin/post-chapter.php on line 20
[21-Aug-2015 17:07:26 UTC] PHP Stack trace:
[21-Aug-2015 17:07:26 UTC] PHP   1. {main}() /home/ubuntu/workspace/admin/post-chapter.php:0
[21-Aug-2015 17:08:03 UTC] PHP Warning:  include_once(classes/post.php): failed to open stream: No such file or directory in /home/ubuntu/workspace/admin/post-chapter.php on line 19
[21-Aug-2015 17:08:03 UTC] PHP Stack trace:
[21-Aug-2015 17:08:03 UTC] PHP   1. {main}() /home/ubuntu/workspace/admin/post-chapter.php:0
[21-Aug-2015 17:08:03 UTC] PHP Warning:  include_once(): Failed opening 'classes/post.php' for inclusion (include_path='.:/usr/share/php:/usr/share/pear') in /home/ubuntu/workspace/admin/post-chapter.php on line 19
[21-Aug-2015 17:08:03 UTC] PHP Stack trace:
[21-Aug-2015 17:08:03 UTC] PHP   1. {main}() /home/ubuntu/workspace/admin/post-chapter.php:0
[21-Aug-2015 17:08:03 UTC] PHP Fatal error:  Class 'Posts' not found in /home/ubuntu/workspace/admin/post-chapter.php on line 20
[21-Aug-2015 17:08:03 UTC] PHP Stack trace:
[21-Aug-2015 17:08:03 UTC] PHP   1. {main}() /home/ubuntu/workspace/admin/post-chapter.php:0
[22-Aug-2015 01:08:29 Asia/Manila] PHP Warning:  PDOStatement::execute(): SQLSTATE[HY093]: Invalid parameter number: parameter was not defined in /home/ubuntu/workspace/classes/post.php on line 39
[22-Aug-2015 01:08:29 Asia/Manila] PHP Stack trace:
[22-Aug-2015 01:08:29 Asia/Manila] PHP   1. {main}() /home/ubuntu/workspace/admin/post-chapter.php:0
[22-Aug-2015 01:08:29 Asia/Manila] PHP   2. Posts->create() /home/ubuntu/workspace/admin/post-chapter.php:28
[22-Aug-2015 01:08:29 Asia/Manila] PHP   3. PDOStatement->execute() /home/ubuntu/workspace/classes/post.php:39
[22-Aug-2015 01:08:39 Asia/Manila] PHP Warning:  PDOStatement::execute(): SQLSTATE[HY093]: Invalid parameter number: parameter was not defined in /home/ubuntu/workspace/classes/post.php on line 39
[22-Aug-2015 01:08:39 Asia/Manila] PHP Stack trace:
[22-Aug-2015 01:08:39 Asia/Manila] PHP   1. {main}() /home/ubuntu/workspace/admin/post-chapter.php:0
[22-Aug-2015 01:08:39 Asia/Manila] PHP   2. Posts->create() /home/ubuntu/workspace/admin/post-chapter.php:28
[22-Aug-2015 01:08:39 Asia/Manila] PHP   3. PDOStatement->execute() /home/ubuntu/workspace/classes/post.php:39
[21-Aug-2015 17:38:07 UTC] PHP Warning:  include_once(classes/database.php): failed to open stream: No such file or directory in /home/ubuntu/workspace/admin/index.php on line 18
[21-Aug-2015 17:38:07 UTC] PHP Stack trace:
[21-Aug-2015 17:38:07 UTC] PHP   1. {main}() /home/ubuntu/workspace/admin/index.php:0
[21-Aug-2015 17:38:07 UTC] PHP Warning:  include_once(): Failed opening 'classes/database.php' for inclusion (include_path='.:/usr/share/php:/usr/share/pear') in /home/ubuntu/workspace/admin/index.php on line 18
[21-Aug-2015 17:38:07 UTC] PHP Stack trace:
[21-Aug-2015 17:38:07 UTC] PHP   1. {main}() /home/ubuntu/workspace/admin/index.php:0
[21-Aug-2015 17:38:07 UTC] PHP Warning:  include_once(classes/chapter.php): failed to open stream: No such file or directory in /home/ubuntu/workspace/admin/index.php on line 19
[21-Aug-2015 17:38:07 UTC] PHP Stack trace:
[21-Aug-2015 17:38:07 UTC] PHP   1. {main}() /home/ubuntu/workspace/admin/index.php:0
[21-Aug-2015 17:38:07 UTC] PHP Warning:  include_once(): Failed opening 'classes/chapter.php' for inclusion (include_path='.:/usr/share/php:/usr/share/pear') in /home/ubuntu/workspace/admin/index.php on line 19
[21-Aug-2015 17:38:07 UTC] PHP Stack trace:
[21-Aug-2015 17:38:07 UTC] PHP   1. {main}() /home/ubuntu/workspace/admin/index.php:0
[21-Aug-2015 17:38:07 UTC] PHP Warning:  include_once(classes/post.php): failed to open stream: No such file or directory in /home/ubuntu/workspace/admin/index.php on line 20
[21-Aug-2015 17:38:07 UTC] PHP Stack trace:
[21-Aug-2015 17:38:07 UTC] PHP   1. {main}() /home/ubuntu/workspace/admin/index.php:0
[21-Aug-2015 17:38:07 UTC] PHP Warning:  include_once(): Failed opening 'classes/post.php' for inclusion (include_path='.:/usr/share/php:/usr/share/pear') in /home/ubuntu/workspace/admin/index.php on line 20
[21-Aug-2015 17:38:07 UTC] PHP Stack trace:
[21-Aug-2015 17:38:07 UTC] PHP   1. {main}() /home/ubuntu/workspace/admin/index.php:0
[21-Aug-2015 17:38:07 UTC] PHP Fatal error:  Class 'Database' not found in /home/ubuntu/workspace/admin/index.php on line 23
[21-Aug-2015 17:38:07 UTC] PHP Stack trace:
[21-Aug-2015 17:38:07 UTC] PHP   1. {main}() /home/ubuntu/workspace/admin/index.php:0
[21-Aug-2015 17:38:27 UTC] PHP Fatal error:  Call to undefined method Posts::readAll() in /home/ubuntu/workspace/admin/index.php on line 29
[21-Aug-2015 17:38:27 UTC] PHP Stack trace:
[21-Aug-2015 17:38:27 UTC] PHP   1. {main}() /home/ubuntu/workspace/admin/index.php:0
[21-Aug-2015 23:34:48 UTC] PHP Fatal error:  Call to a member function countAll() on a non-object in /home/ubuntu/workspace/admin/paging_post.php on line 15
[21-Aug-2015 23:34:48 UTC] PHP Stack trace:
[21-Aug-2015 23:34:48 UTC] PHP   1. {main}() /home/ubuntu/workspace/admin/post-chapter.php:0
[21-Aug-2015 23:34:48 UTC] PHP   2. include_once() /home/ubuntu/workspace/admin/post-chapter.php:98
[22-Aug-2015 07:34:57 Asia/Manila] PHP Fatal error:  Call to a member function countAll() on a non-object in /home/ubuntu/workspace/admin/paging_post.php on line 15
[22-Aug-2015 07:34:57 Asia/Manila] PHP Stack trace:
[22-Aug-2015 07:34:57 Asia/Manila] PHP   1. {main}() /home/ubuntu/workspace/admin/post-chapter.php:0
[22-Aug-2015 07:34:57 Asia/Manila] PHP   2. include_once() /home/ubuntu/workspace/admin/post-chapter.php:98
[22-Aug-2015 07:35:02 Asia/Manila] PHP Fatal error:  Call to a member function countAll() on a non-object in /home/ubuntu/workspace/admin/paging_post.php on line 15
[22-Aug-2015 07:35:02 Asia/Manila] PHP Stack trace:
[22-Aug-2015 07:35:02 Asia/Manila] PHP   1. {main}() /home/ubuntu/workspace/admin/post-chapter.php:0
[22-Aug-2015 07:35:02 Asia/Manila] PHP   2. include_once() /home/ubuntu/workspace/admin/post-chapter.php:98
[22-Aug-2015 07:35:06 Asia/Manila] PHP Fatal error:  Call to a member function countAll() on a non-object in /home/ubuntu/workspace/admin/paging_post.php on line 15
[22-Aug-2015 07:35:06 Asia/Manila] PHP Stack trace:
[22-Aug-2015 07:35:06 Asia/Manila] PHP   1. {main}() /home/ubuntu/workspace/admin/post-chapter.php:0
[22-Aug-2015 07:35:06 Asia/Manila] PHP   2. include_once() /home/ubuntu/workspace/admin/post-chapter.php:98
[22-Aug-2015 07:35:12 Asia/Manila] PHP Fatal error:  Call to a member function countAll() on a non-object in /home/ubuntu/workspace/admin/paging_post.php on line 15
[22-Aug-2015 07:35:12 Asia/Manila] PHP Stack trace:
[22-Aug-2015 07:35:12 Asia/Manila] PHP   1. {main}() /home/ubuntu/workspace/admin/post-chapter.php:0
[22-Aug-2015 07:35:12 Asia/Manila] PHP   2. include_once() /home/ubuntu/workspace/admin/post-chapter.php:98
[22-Aug-2015 07:35:20 Asia/Manila] PHP Fatal error:  Call to a member function countAll() on a non-object in /home/ubuntu/workspace/admin/paging_post.php on line 15
[22-Aug-2015 07:35:20 Asia/Manila] PHP Stack trace:
[22-Aug-2015 07:35:20 Asia/Manila] PHP   1. {main}() /home/ubuntu/workspace/admin/post-chapter.php:0
[22-Aug-2015 07:35:20 Asia/Manila] PHP   2. include_once() /home/ubuntu/workspace/admin/post-chapter.php:98
[22-Aug-2015 07:35:30 Asia/Manila] PHP Fatal error:  Call to a member function countAll() on a non-object in /home/ubuntu/workspace/admin/paging_post.php on line 15
[22-Aug-2015 07:35:30 Asia/Manila] PHP Stack trace:
[22-Aug-2015 07:35:30 Asia/Manila] PHP   1. {main}() /home/ubuntu/workspace/admin/post-chapter.php:0
[22-Aug-2015 07:35:30 Asia/Manila] PHP   2. include_once() /home/ubuntu/workspace/admin/post-chapter.php:98
[22-Aug-2015 07:35:34 Asia/Manila] PHP Fatal error:  Call to a member function countAll() on a non-object in /home/ubuntu/workspace/admin/paging_post.php on line 15
[22-Aug-2015 07:35:34 Asia/Manila] PHP Stack trace:
[22-Aug-2015 07:35:34 Asia/Manila] PHP   1. {main}() /home/ubuntu/workspace/admin/post-chapter.php:0
[22-Aug-2015 07:35:34 Asia/Manila] PHP   2. include_once() /home/ubuntu/workspace/admin/post-chapter.php:98
[22-Aug-2015 00:32:14 UTC] PHP Warning:  Creating default object from empty value in /home/ubuntu/workspace/admin/update_post.php on line 33
[22-Aug-2015 00:32:14 UTC] PHP Stack trace:
[22-Aug-2015 00:32:14 UTC] PHP   1. {main}() /home/ubuntu/workspace/admin/update_post.php:0
[22-Aug-2015 00:32:14 UTC] PHP Fatal error:  Cannot pass parameter 2 by reference in /home/ubuntu/workspace/classes/post.php on line 124
[22-Aug-2015 00:32:14 UTC] PHP Stack trace:
[22-Aug-2015 00:32:14 UTC] PHP   1. {main}() /home/ubuntu/workspace/admin/update_post.php:0
[22-Aug-2015 00:32:14 UTC] PHP   2. Posts->update() /home/ubuntu/workspace/admin/update_post.php:37
[22-Aug-2015 00:32:40 UTC] PHP Fatal error:  Cannot pass parameter 2 by reference in /home/ubuntu/workspace/classes/post.php on line 124
[22-Aug-2015 00:32:40 UTC] PHP Stack trace:
[22-Aug-2015 00:32:40 UTC] PHP   1. {main}() /home/ubuntu/workspace/admin/update_post.php:0
[22-Aug-2015 00:32:40 UTC] PHP   2. Posts->update() /home/ubuntu/workspace/admin/update_post.php:37
[22-Aug-2015 01:03:56 UTC] PHP Fatal error:  Call to a member function delete() on a non-object in /home/ubuntu/workspace/admin/delete_post.php on line 20
[22-Aug-2015 01:03:56 UTC] PHP Stack trace:
[22-Aug-2015 01:03:56 UTC] PHP   1. {main}() /home/ubuntu/workspace/admin/delete_post.php:0
[22-Aug-2015 01:04:11 UTC] PHP Fatal error:  Call to a member function delete() on a non-object in /home/ubuntu/workspace/admin/delete_post.php on line 20
[22-Aug-2015 01:04:11 UTC] PHP Stack trace:
[22-Aug-2015 01:04:11 UTC] PHP   1. {main}() /home/ubuntu/workspace/admin/delete_post.php:0
[22-Aug-2015 01:04:39 UTC] PHP Fatal error:  Call to a member function delete() on a non-object in /home/ubuntu/workspace/admin/delete_post.php on line 20
[22-Aug-2015 01:04:39 UTC] PHP Stack trace:
[22-Aug-2015 01:04:39 UTC] PHP   1. {main}() /home/ubuntu/workspace/admin/delete_post.php:0
[22-Aug-2015 01:04:45 UTC] PHP Fatal error:  Call to a member function delete() on a non-object in /home/ubuntu/workspace/admin/delete_post.php on line 20
[22-Aug-2015 01:04:45 UTC] PHP Stack trace:
[22-Aug-2015 01:04:45 UTC] PHP   1. {main}() /home/ubuntu/workspace/admin/delete_post.php:0
[22-Aug-2015 01:32:12 UTC] PHP Fatal error:  Call to a member function countAll() on a non-object in /home/ubuntu/workspace/admin/paging_post.php on line 15
[22-Aug-2015 01:32:12 UTC] PHP Stack trace:
[22-Aug-2015 01:32:12 UTC] PHP   1. {main}() /home/ubuntu/workspace/admin/index.php:0
[22-Aug-2015 01:32:12 UTC] PHP   2. include_once() /home/ubuntu/workspace/admin/index.php:75
[22-Aug-2015 01:48:17 UTC] PHP Fatal error:  Call to a member function countAll() on a non-object in /home/ubuntu/workspace/admin/paging_post.php on line 15
[22-Aug-2015 01:48:17 UTC] PHP Stack trace:
[22-Aug-2015 01:48:17 UTC] PHP   1. {main}() /home/ubuntu/workspace/admin/index.php:0
[22-Aug-2015 01:48:17 UTC] PHP   2. include_once() /home/ubuntu/workspace/admin/index.php:75
[22-Aug-2015 01:53:41 UTC] PHP Warning:  include_once(classes/database.php): failed to open stream: No such file or directory in /home/ubuntu/workspace/user/userMain.php on line 4
[22-Aug-2015 01:53:41 UTC] PHP Stack trace:
[22-Aug-2015 01:53:41 UTC] PHP   1. {main}() /home/ubuntu/workspace/user/userMain.php:0
[22-Aug-2015 01:53:41 UTC] PHP Warning:  include_once(): Failed opening 'classes/database.php' for inclusion (include_path='.:/usr/share/php:/usr/share/pear') in /home/ubuntu/workspace/user/userMain.php on line 4
[22-Aug-2015 01:53:41 UTC] PHP Stack trace:
[22-Aug-2015 01:53:41 UTC] PHP   1. {main}() /home/ubuntu/workspace/user/userMain.php:0
[22-Aug-2015 01:53:41 UTC] PHP Warning:  include_once(classes/chapter.php): failed to open stream: No such file or directory in /home/ubuntu/workspace/user/userMain.php on line 5
[22-Aug-2015 01:53:41 UTC] PHP Stack trace:
[22-Aug-2015 01:53:41 UTC] PHP   1. {main}() /home/ubuntu/workspace/user/userMain.php:0
[22-Aug-2015 01:53:41 UTC] PHP Warning:  include_once(): Failed opening 'classes/chapter.php' for inclusion (include_path='.:/usr/share/php:/usr/share/pear') in /home/ubuntu/workspace/user/userMain.php on line 5
[22-Aug-2015 01:53:41 UTC] PHP Stack trace:
[22-Aug-2015 01:53:41 UTC] PHP   1. {main}() /home/ubuntu/workspace/user/userMain.php:0
[22-Aug-2015 01:53:41 UTC] PHP Warning:  include_once(classes/post.php): failed to open stream: No such file or directory in /home/ubuntu/workspace/user/userMain.php on line 6
[22-Aug-2015 01:53:41 UTC] PHP Stack trace:
[22-Aug-2015 01:53:41 UTC] PHP   1. {main}() /home/ubuntu/workspace/user/userMain.php:0
[22-Aug-2015 01:53:41 UTC] PHP Warning:  include_once(): Failed opening 'classes/post.php' for inclusion (include_path='.:/usr/share/php:/usr/share/pear') in /home/ubuntu/workspace/user/userMain.php on line 6
[22-Aug-2015 01:53:41 UTC] PHP Stack trace:
[22-Aug-2015 01:53:41 UTC] PHP   1. {main}() /home/ubuntu/workspace/user/userMain.php:0
[22-Aug-2015 01:53:41 UTC] PHP Fatal error:  Class 'Database' not found in /home/ubuntu/workspace/user/userMain.php on line 10
[22-Aug-2015 01:53:41 UTC] PHP Stack trace:
[22-Aug-2015 01:53:41 UTC] PHP   1. {main}() /home/ubuntu/workspace/user/userMain.php:0
[22-Aug-2015 02:05:31 UTC] PHP Warning:  Invalid argument supplied for foreach() in /home/ubuntu/workspace/user/userMain.php on line 111
[22-Aug-2015 02:05:31 UTC] PHP Stack trace:
[22-Aug-2015 02:05:31 UTC] PHP   1. {main}() /home/ubuntu/workspace/user/userMain.php:0
[22-Aug-2015 02:05:31 UTC] PHP Warning:  Invalid argument supplied for foreach() in /home/ubuntu/workspace/user/userMain.php on line 131
[22-Aug-2015 02:05:31 UTC] PHP Stack trace:
[22-Aug-2015 02:05:31 UTC] PHP   1. {main}() /home/ubuntu/workspace/user/userMain.php:0
[22-Aug-2015 02:06:30 UTC] PHP Warning:  Invalid argument supplied for foreach() in /home/ubuntu/workspace/user/userMain.php on line 115
[22-Aug-2015 02:06:30 UTC] PHP Stack trace:
[22-Aug-2015 02:06:30 UTC] PHP   1. {main}() /home/ubuntu/workspace/user/userMain.php:0
[22-Aug-2015 02:06:30 UTC] PHP Warning:  Invalid argument supplied for foreach() in /home/ubuntu/workspace/user/userMain.php on line 135
[22-Aug-2015 02:06:30 UTC] PHP Stack trace:
[22-Aug-2015 02:06:30 UTC] PHP   1. {main}() /home/ubuntu/workspace/user/userMain.php:0
[22-Aug-2015 02:08:04 UTC] PHP Warning:  Invalid argument supplied for foreach() in /home/ubuntu/workspace/user/userMain.php on line 120
[22-Aug-2015 02:08:04 UTC] PHP Stack trace:
[22-Aug-2015 02:08:04 UTC] PHP   1. {main}() /home/ubuntu/workspace/user/userMain.php:0
[22-Aug-2015 02:08:04 UTC] PHP Warning:  Invalid argument supplied for foreach() in /home/ubuntu/workspace/user/userMain.php on line 140
[22-Aug-2015 02:08:04 UTC] PHP Stack trace:
[22-Aug-2015 02:08:04 UTC] PHP   1. {main}() /home/ubuntu/workspace/user/userMain.php:0
[22-Aug-2015 02:08:13 UTC] PHP Warning:  Invalid argument supplied for foreach() in /home/ubuntu/workspace/user/userMain.php on line 120
[22-Aug-2015 02:08:13 UTC] PHP Stack trace:
[22-Aug-2015 02:08:13 UTC] PHP   1. {main}() /home/ubuntu/workspace/user/userMain.php:0
[22-Aug-2015 02:08:13 UTC] PHP Warning:  Invalid argument supplied for foreach() in /home/ubuntu/workspace/user/userMain.php on line 140
[22-Aug-2015 02:08:13 UTC] PHP Stack trace:
[22-Aug-2015 02:08:13 UTC] PHP   1. {main}() /home/ubuntu/workspace/user/userMain.php:0
[22-Aug-2015 02:08:15 UTC] PHP Warning:  Invalid argument supplied for foreach() in /home/ubuntu/workspace/user/userMain.php on line 120
[22-Aug-2015 02:08:15 UTC] PHP Stack trace:
[22-Aug-2015 02:08:15 UTC] PHP   1. {main}() /home/ubuntu/workspace/user/userMain.php:0
[22-Aug-2015 02:08:15 UTC] PHP Warning:  Invalid argument supplied for foreach() in /home/ubuntu/workspace/user/userMain.php on line 140
[22-Aug-2015 02:08:15 UTC] PHP Stack trace:
[22-Aug-2015 02:08:15 UTC] PHP   1. {main}() /home/ubuntu/workspace/user/userMain.php:0
[22-Aug-2015 02:08:44 UTC] PHP Warning:  Invalid argument supplied for foreach() in /home/ubuntu/workspace/user/userMain.php on line 120
[22-Aug-2015 02:08:44 UTC] PHP Stack trace:
[22-Aug-2015 02:08:44 UTC] PHP   1. {main}() /home/ubuntu/workspace/user/userMain.php:0
[22-Aug-2015 02:08:44 UTC] PHP Warning:  Invalid argument supplied for foreach() in /home/ubuntu/workspace/user/userMain.php on line 140
[22-Aug-2015 02:08:44 UTC] PHP Stack trace:
[22-Aug-2015 02:08:44 UTC] PHP   1. {main}() /home/ubuntu/workspace/user/userMain.php:0
[22-Aug-2015 02:15:40 UTC] PHP Fatal error:  Call to undefined function alert() in /home/ubuntu/workspace/user/userMain.php on line 12
[22-Aug-2015 02:15:40 UTC] PHP Stack trace:
[22-Aug-2015 02:15:40 UTC] PHP   1. {main}() /home/ubuntu/workspace/user/userMain.php:0
[22-Aug-2015 02:16:43 UTC] PHP Catchable fatal error:  Object of class PDOStatement could not be converted to string in /home/ubuntu/workspace/user/userMain.php on line 12
[22-Aug-2015 02:16:43 UTC] PHP Stack trace:
[22-Aug-2015 02:16:43 UTC] PHP   1. {main}() /home/ubuntu/workspace/user/userMain.php:0
[22-Aug-2015 02:19:10 UTC] PHP Warning:  Invalid argument supplied for foreach() in /home/ubuntu/workspace/user/userMain.php on line 129
[22-Aug-2015 02:19:10 UTC] PHP Stack trace:
[22-Aug-2015 02:19:10 UTC] PHP   1. {main}() /home/ubuntu/workspace/user/userMain.php:0
[22-Aug-2015 02:19:10 UTC] PHP Warning:  Invalid argument supplied for foreach() in /home/ubuntu/workspace/user/userMain.php on line 149
[22-Aug-2015 02:19:10 UTC] PHP Stack trace:
[22-Aug-2015 02:19:10 UTC] PHP   1. {main}() /home/ubuntu/workspace/user/userMain.php:0
[22-Aug-2015 02:22:02 UTC] PHP Parse error:  syntax error, unexpected '<' in /home/ubuntu/workspace/user/userMain.php on line 123
[22-Aug-2015 02:22:19 UTC] PHP Parse error:  syntax error, unexpected '{' in /home/ubuntu/workspace/user/userMain.php on line 123
[22-Aug-2015 02:22:20 UTC] PHP Parse error:  syntax error, unexpected '{' in /home/ubuntu/workspace/user/userMain.php on line 123
[22-Aug-2015 02:22:34 UTC] PHP Warning:  Invalid argument supplied for foreach() in /home/ubuntu/workspace/user/userMain.php on line 145
[22-Aug-2015 02:22:34 UTC] PHP Stack trace:
[22-Aug-2015 02:22:34 UTC] PHP   1. {main}() /home/ubuntu/workspace/user/userMain.php:0
[22-Aug-2015 02:26:06 UTC] PHP Warning:  Invalid argument supplied for foreach() in /home/ubuntu/workspace/user/userMain.php on line 145
[22-Aug-2015 02:26:06 UTC] PHP Stack trace:
[22-Aug-2015 02:26:06 UTC] PHP   1. {main}() /home/ubuntu/workspace/user/userMain.php:0
[22-Aug-2015 02:37:57 UTC] PHP Warning:  Invalid argument supplied for foreach() in /home/ubuntu/workspace/user/userMain.php on line 168
[22-Aug-2015 02:37:57 UTC] PHP Stack trace:
[22-Aug-2015 02:37:57 UTC] PHP   1. {main}() /home/ubuntu/workspace/user/userMain.php:0
[22-Aug-2015 02:48:07 UTC] PHP Parse error:  syntax error, unexpected ':', expecting ',' or ';' in /home/ubuntu/workspace/user/userMain.php on line 153
[22-Aug-2015 03:03:22 UTC] PHP Fatal error:  Class 'Posts' not found in /home/ubuntu/workspace/user/userMain.php on line 11
[22-Aug-2015 03:03:22 UTC] PHP Stack trace:
[22-Aug-2015 03:03:22 UTC] PHP   1. {main}() /home/ubuntu/workspace/user/userMain.php:0
[22-Aug-2015 03:03:43 UTC] PHP Fatal error:  Cannot access empty property in /home/ubuntu/workspace/user/userMain.php on line 15
[22-Aug-2015 03:03:43 UTC] PHP Stack trace:
[22-Aug-2015 03:03:43 UTC] PHP   1. {main}() /home/ubuntu/workspace/user/userMain.php:0
[22-Aug-2015 03:03:46 UTC] PHP Fatal error:  Cannot access empty property in /home/ubuntu/workspace/user/userMain.php on line 15
[22-Aug-2015 03:03:46 UTC] PHP Stack trace:
[22-Aug-2015 03:03:46 UTC] PHP   1. {main}() /home/ubuntu/workspace/user/userMain.php:0
[22-Aug-2015 03:03:48 UTC] PHP Fatal error:  Cannot access empty property in /home/ubuntu/workspace/user/userMain.php on line 15
[22-Aug-2015 03:03:48 UTC] PHP Stack trace:
[22-Aug-2015 03:03:48 UTC] PHP   1. {main}() /home/ubuntu/workspace/user/userMain.php:0
[22-Aug-2015 03:17:50 UTC] PHP Fatal error:  Call to a member function readbyChapter() on a non-object in /home/ubuntu/workspace/user/userMain.php on line 164
[22-Aug-2015 03:17:50 UTC] PHP Stack trace:
[22-Aug-2015 03:17:50 UTC] PHP   1. {main}() /home/ubuntu/workspace/user/userMain.php:0
[22-Aug-2015 03:21:17 UTC] PHP Fatal error:  Call to a member function readbyChapter() on a non-object in /home/ubuntu/workspace/user/userMain.php on line 166
[22-Aug-2015 03:21:17 UTC] PHP Stack trace:
[22-Aug-2015 03:21:17 UTC] PHP   1. {main}() /home/ubuntu/workspace/user/userMain.php:0
[22-Aug-2015 03:25:35 UTC] PHP Parse error:  syntax error, unexpected end of file in /home/ubuntu/workspace/user/userMain.php on line 252
[22-Aug-2015 03:26:00 UTC] PHP Parse error:  syntax error, unexpected '<' in /home/ubuntu/workspace/user/userMain.php on line 17
[22-Aug-2015 03:28:00 UTC] PHP Fatal error:  Call to a member function readbyChapter() on a non-object in /home/ubuntu/workspace/user/userMain.php on line 168
[22-Aug-2015 03:28:00 UTC] PHP Stack trace:
[22-Aug-2015 03:28:00 UTC] PHP   1. {main}() /home/ubuntu/workspace/user/userMain.php:0
[22-Aug-2015 03:29:01 UTC] PHP Warning:  Missing argument 1 for Posts::__construct(), called in /home/ubuntu/workspace/user/userMain.php on line 167 and defined in /home/ubuntu/workspace/classes/post.php on line 16
[22-Aug-2015 03:29:01 UTC] PHP Stack trace:
[22-Aug-2015 03:29:01 UTC] PHP   1. {main}() /home/ubuntu/workspace/user/userMain.php:0
[22-Aug-2015 03:29:01 UTC] PHP   2. Posts->__construct() /home/ubuntu/workspace/user/userMain.php:167
[22-Aug-2015 03:29:01 UTC] PHP Fatal error:  Call to a member function prepare() on a non-object in /home/ubuntu/workspace/classes/post.php on line 84
[22-Aug-2015 03:29:01 UTC] PHP Stack trace:
[22-Aug-2015 03:29:01 UTC] PHP   1. {main}() /home/ubuntu/workspace/user/userMain.php:0
[22-Aug-2015 03:29:01 UTC] PHP   2. Posts->readbyChapter() /home/ubuntu/workspace/user/userMain.php:168
[22-Aug-2015 03:45:30 UTC] PHP Warning:  Invalid argument supplied for foreach() in /home/ubuntu/workspace/user/userMain.php on line 173
[22-Aug-2015 03:45:30 UTC] PHP Stack trace:
[22-Aug-2015 03:45:30 UTC] PHP   1. {main}() /home/ubuntu/workspace/user/userMain.php:0
[22-Aug-2015 03:45:30 UTC] PHP Warning:  Invalid argument supplied for foreach() in /home/ubuntu/workspace/user/userMain.php on line 173
[22-Aug-2015 03:45:30 UTC] PHP Stack trace:
[22-Aug-2015 03:45:30 UTC] PHP   1. {main}() /home/ubuntu/workspace/user/userMain.php:0
[22-Aug-2015 03:45:30 UTC] PHP Warning:  Invalid argument supplied for foreach() in /home/ubuntu/workspace/user/userMain.php on line 173
[22-Aug-2015 03:45:30 UTC] PHP Stack trace:
[22-Aug-2015 03:45:30 UTC] PHP   1. {main}() /home/ubuntu/workspace/user/userMain.php:0
[22-Aug-2015 03:45:30 UTC] PHP Warning:  Invalid argument supplied for foreach() in /home/ubuntu/workspace/user/userMain.php on line 173
[22-Aug-2015 03:45:30 UTC] PHP Stack trace:
[22-Aug-2015 03:45:30 UTC] PHP   1. {main}() /home/ubuntu/workspace/user/userMain.php:0
[22-Aug-2015 03:45:33 UTC] PHP Warning:  Invalid argument supplied for foreach() in /home/ubuntu/workspace/user/userMain.php on line 173
[22-Aug-2015 03:45:33 UTC] PHP Stack trace:
[22-Aug-2015 03:45:33 UTC] PHP   1. {main}() /home/ubuntu/workspace/user/userMain.php:0
[22-Aug-2015 03:45:33 UTC] PHP Warning:  Invalid argument supplied for foreach() in /home/ubuntu/workspace/user/userMain.php on line 173
[22-Aug-2015 03:45:33 UTC] PHP Stack trace:
[22-Aug-2015 03:45:33 UTC] PHP   1. {main}() /home/ubuntu/workspace/user/userMain.php:0
[22-Aug-2015 03:45:33 UTC] PHP Warning:  Invalid argument supplied for foreach() in /home/ubuntu/workspace/user/userMain.php on line 173
[22-Aug-2015 03:45:33 UTC] PHP Stack trace:
[22-Aug-2015 03:45:33 UTC] PHP   1. {main}() /home/ubuntu/workspace/user/userMain.php:0
[22-Aug-2015 03:45:33 UTC] PHP Warning:  Invalid argument supplied for foreach() in /home/ubuntu/workspace/user/userMain.php on line 173
[22-Aug-2015 03:45:33 UTC] PHP Stack trace:
[22-Aug-2015 03:45:33 UTC] PHP   1. {main}() /home/ubuntu/workspace/user/userMain.php:0
[22-Aug-2015 03:46:33 UTC] PHP Parse error:  syntax error, unexpected 'SELECT' (T_STRING) in /home/ubuntu/workspace/classes/post.php on line 93
[22-Aug-2015 03:46:33 UTC] PHP Stack trace:
[22-Aug-2015 03:46:33 UTC] PHP   1. {main}() /home/ubuntu/workspace/user/userMain.php:0
[22-Aug-2015 04:06:29 UTC] PHP Warning:  Creating default object from empty value in /home/ubuntu/workspace/user/userMain.php on line 160
[22-Aug-2015 04:06:29 UTC] PHP Stack trace:
[22-Aug-2015 04:06:29 UTC] PHP   1. {main}() /home/ubuntu/workspace/user/userMain.php:0
[22-Aug-2015 04:06:29 UTC] PHP Fatal error:  Call to undefined method stdClass::readbyChapter() in /home/ubuntu/workspace/user/userMain.php on line 161
[22-Aug-2015 04:06:29 UTC] PHP Stack trace:
[22-Aug-2015 04:06:29 UTC] PHP   1. {main}() /home/ubuntu/workspace/user/userMain.php:0
[22-Aug-2015 05:19:18 UTC] PHP Fatal error:  Call to a member function countAll() on a non-object in /home/ubuntu/workspace/admin/paging_post.php on line 15
[22-Aug-2015 05:19:18 UTC] PHP Stack trace:
[22-Aug-2015 05:19:18 UTC] PHP   1. {main}() /home/ubuntu/workspace/admin/index.php:0
[22-Aug-2015 05:19:18 UTC] PHP   2. include_once() /home/ubuntu/workspace/admin/index.php:75
[22-Aug-2015 05:21:10 UTC] PHP Fatal error:  Call to a member function countAll() on a non-object in /home/ubuntu/workspace/admin/paging_post.php on line 15
[22-Aug-2015 05:21:10 UTC] PHP Stack trace:
[22-Aug-2015 05:21:10 UTC] PHP   1. {main}() /home/ubuntu/workspace/admin/index.php:0
[22-Aug-2015 05:21:10 UTC] PHP   2. include_once() /home/ubuntu/workspace/admin/index.php:75
[22-Aug-2015 05:23:29 UTC] PHP Fatal error:  Call to a member function countAll() on a non-object in /home/ubuntu/workspace/admin/paging_post.php on line 15
[22-Aug-2015 05:23:29 UTC] PHP Stack trace:
[22-Aug-2015 05:23:29 UTC] PHP   1. {main}() /home/ubuntu/workspace/admin/index.php:0
[22-Aug-2015 05:23:29 UTC] PHP   2. include_once() /home/ubuntu/workspace/admin/index.php:75
[22-Aug-2015 05:24:13 UTC] PHP Fatal error:  Call to a member function countAll() on a non-object in /home/ubuntu/workspace/admin/paging_post.php on line 15
[22-Aug-2015 05:24:13 UTC] PHP Stack trace:
[22-Aug-2015 05:24:13 UTC] PHP   1. {main}() /home/ubuntu/workspace/admin/index.php:0
[22-Aug-2015 05:24:13 UTC] PHP   2. include_once() /home/ubuntu/workspace/admin/index.php:75
[22-Aug-2015 05:24:16 UTC] PHP Fatal error:  Call to a member function countAll() on a non-object in /home/ubuntu/workspace/admin/paging_post.php on line 15
[22-Aug-2015 05:24:16 UTC] PHP Stack trace:
[22-Aug-2015 05:24:16 UTC] PHP   1. {main}() /home/ubuntu/workspace/admin/index.php:0
[22-Aug-2015 05:24:16 UTC] PHP   2. include_once() /home/ubuntu/workspace/admin/index.php:75
[22-Aug-2015 05:25:17 UTC] PHP Warning:  include_once(classes/post.php): failed to open stream: No such file or directory in /home/ubuntu/workspace/admin/index.php on line 4
[22-Aug-2015 05:25:17 UTC] PHP Stack trace:
[22-Aug-2015 05:25:17 UTC] PHP   1. {main}() /home/ubuntu/workspace/admin/index.php:0
[22-Aug-2015 05:25:17 UTC] PHP Warning:  include_once(): Failed opening 'classes/post.php' for inclusion (include_path='.:/usr/share/php:/usr/share/pear') in /home/ubuntu/workspace/admin/index.php on line 4
[22-Aug-2015 05:25:17 UTC] PHP Stack trace:
[22-Aug-2015 05:25:17 UTC] PHP   1. {main}() /home/ubuntu/workspace/admin/index.php:0
[22-Aug-2015 05:25:17 UTC] PHP Fatal error:  Call to a member function countAll() on a non-object in /home/ubuntu/workspace/admin/paging_post.php on line 15
[22-Aug-2015 05:25:17 UTC] PHP Stack trace:
[22-Aug-2015 05:25:17 UTC] PHP   1. {main}() /home/ubuntu/workspace/admin/index.php:0
[22-Aug-2015 05:25:17 UTC] PHP   2. include_once() /home/ubuntu/workspace/admin/index.php:76
[22-Aug-2015 06:04:05 UTC] PHP Fatal error:  Call to undefined method Posts::readAll() in /home/ubuntu/workspace/admin/index.php on line 32
[22-Aug-2015 06:04:05 UTC] PHP Stack trace:
[22-Aug-2015 06:04:05 UTC] PHP   1. {main}() /home/ubuntu/workspace/admin/index.php:0
[22-Aug-2015 06:04:31 UTC] PHP Fatal error:  Call to undefined method Posts::readAll() in /home/ubuntu/workspace/admin/index.php on line 32
[22-Aug-2015 06:04:31 UTC] PHP Stack trace:
[22-Aug-2015 06:04:31 UTC] PHP   1. {main}() /home/ubuntu/workspace/admin/index.php:0
[22-Aug-2015 06:04:59 UTC] PHP Fatal error:  Call to undefined method Posts::readAll() in /home/ubuntu/workspace/admin/index.php on line 30
[22-Aug-2015 06:04:59 UTC] PHP Stack trace:
[22-Aug-2015 06:04:59 UTC] PHP   1. {main}() /home/ubuntu/workspace/admin/index.php:0
[22-Aug-2015 06:05:16 UTC] PHP Fatal error:  Call to undefined method Posts::readAll() in /home/ubuntu/workspace/admin/index.php on line 30
[22-Aug-2015 06:05:16 UTC] PHP Stack trace:
[22-Aug-2015 06:05:16 UTC] PHP   1. {main}() /home/ubuntu/workspace/admin/index.php:0
[22-Aug-2015 06:05:17 UTC] PHP Fatal error:  Call to undefined method Posts::readAll() in /home/ubuntu/workspace/admin/index.php on line 30
[22-Aug-2015 06:05:17 UTC] PHP Stack trace:
[22-Aug-2015 06:05:17 UTC] PHP   1. {main}() /home/ubuntu/workspace/admin/index.php:0
[22-Aug-2015 06:09:10 UTC] PHP Parse error:  syntax error, unexpected '&' in /home/ubuntu/workspace/admin/index.php on line 6
[22-Aug-2015 06:41:09 UTC] PHP Fatal error:  Class 'Chapter' not found in /home/ubuntu/workspace/admin/read_chapter.php on line 31
[22-Aug-2015 06:41:09 UTC] PHP Stack trace:
[22-Aug-2015 06:41:09 UTC] PHP   1. {main}() /home/ubuntu/workspace/admin/read_chapter.php:0
[22-Aug-2015 06:41:28 UTC] PHP Fatal error:  Call to a member function readAll() on a non-object in /home/ubuntu/workspace/admin/read_chapter.php on line 34
[22-Aug-2015 06:41:28 UTC] PHP Stack trace:
[22-Aug-2015 06:41:28 UTC] PHP   1. {main}() /home/ubuntu/workspace/admin/read_chapter.php:0
[22-Aug-2015 06:41:48 UTC] PHP Fatal error:  Call to a member function countAll() on a non-object in /home/ubuntu/workspace/admin/paging_post.php on line 15
[22-Aug-2015 06:41:48 UTC] PHP Stack trace:
[22-Aug-2015 06:41:48 UTC] PHP   1. {main}() /home/ubuntu/workspace/admin/read_chapter.php:0
[22-Aug-2015 06:41:48 UTC] PHP   2. include_once() /home/ubuntu/workspace/admin/read_chapter.php:75
[22-Aug-2015 07:11:10 UTC] PHP Fatal error:  Call to undefined method Chapters::update() in /home/ubuntu/workspace/admin/update_chapter.php on line 37
[22-Aug-2015 07:11:10 UTC] PHP Stack trace:
[22-Aug-2015 07:11:10 UTC] PHP   1. {main}() /home/ubuntu/workspace/admin/update_chapter.php:0
[22-Aug-2015 07:33:10 UTC] PHP Parse error:  syntax error, unexpected 'form' (T_STRING), expecting ',' or ';' in /home/ubuntu/workspace/admin/read_chapter.php on line 5
